[2025-05-15T19:09:14.221708+00:00] geolibre.ERROR: Error updating dataset: An exception occurred while executing a query: SQLSTATE[22P02]: Invalid text representation: 7 ERROR:  invalid input syntax for type boolean: "" CONTEXT:  unnamed portal parameter $3 = '' [] []
[2025-05-15T19:10:01.626927+00:00] geolibre.ERROR: Error updating dataset: An exception occurred while executing a query: SQLSTATE[22P02]: Invalid text representation: 7 ERROR:  invalid input syntax for type boolean: "" CONTEXT:  unnamed portal parameter $3 = '' [] []
[2025-05-19T22:25:03.102715+00:00] geolibre.INFO: Creating map with data: {"title":"qqqqqqqqqq","description":"qqqqqqqqqqqqqqqqqqqqqqqqqqqqqqqq","layers":"[{\"title\":\"neighborhoods\",\"wms_url\":\"https:\/\/sandbox.webgis1.com\/stores\/3\/wms.php?\/wms\",\"wms_layer\":\"neighborhoods\",\"visible\":true}]","center_lat":"41.83407077955715","center_lon":"-87.73212600000001","zoom_level":"10.922180887916186"} [] []
[2025-05-19T22:25:03.103007+00:00] geolibre.ERROR: Failed to create map - no ID returned [] []
[2025-05-19T22:26:39.288645+00:00] geolibre.INFO: Creating map with data: {"title":"oooooooooooooooooooo","description":"ooooooooooooooooooooooooooooooooooooo","layers":"[{\"title\":\"neighborhoods\",\"wms_url\":\"https:\/\/sandbox.webgis1.com\/stores\/3\/wms.php?\/wms\",\"wms_layer\":\"neighborhoods\",\"visible\":true}]","center_lat":"41.83407077955715","center_lon":"-87.73212600000001","zoom_level":"10.922180887916186"} [] []
[2025-05-19T22:26:39.288764+00:00] geolibre.ERROR: Failed to create map - no ID returned [] []
[2025-05-19T22:28:22.186868+00:00] geolibre.INFO: Creating map with data: {"title":"uuuuuuuuu","description":"uuuuuuuuuuuuuuuuuuuuuuuuuuuuuuu","layers":"[{\"title\":\"neighborhoods\",\"wms_url\":\"https:\/\/sandbox.webgis1.com\/stores\/3\/wms.php?\/wms\",\"wms_layer\":\"neighborhoods\",\"visible\":true}]","center_lat":"41.83407077955715","center_lon":"-87.73212600000001","zoom_level":"10.922180887916186"} [] []
[2025-05-19T22:28:22.187024+00:00] geolibre.INFO: Converting layers JSON string to array [] []
[2025-05-19T22:28:22.207157+00:00] geolibre.ERROR: Failed to create map - no ID returned [] []
[2025-05-19T22:30:10.388861+00:00] geolibre.INFO: Creating map with data: {"title":"ssssggggggg","description":"gggggggggggggggggggg","layers":"[{\"title\":\"neighborhoods\",\"wms_url\":\"https:\/\/sandbox.webgis1.com\/stores\/3\/wms.php?\/wms\",\"wms_layer\":\"neighborhoods\",\"visible\":true}]","center_lat":"41.83407077955715","center_lon":"-87.73212600000001","zoom_level":"10.922180887916186"} [] []
[2025-05-19T22:30:10.389020+00:00] geolibre.INFO: Converting layers JSON string to array [] []
[2025-05-19T22:30:10.413361+00:00] geolibre.INFO: Map created successfully with ID: 12 [] []
[2025-05-20T12:52:42.674099+00:00] geolibre.ERROR: Error updating dataset: An exception occurred while executing a query: SQLSTATE[22P02]: Invalid text representation: 7 ERROR:  invalid input syntax for type boolean: "" CONTEXT:  unnamed portal parameter $4 = '' [] []
[2025-05-20T12:53:20.108253+00:00] geolibre.ERROR: Error updating dataset: An exception occurred while executing a query: SQLSTATE[22P02]: Invalid text representation: 7 ERROR:  invalid input syntax for type boolean: "" CONTEXT:  unnamed portal parameter $4 = '' [] []
[2025-05-20T12:53:33.717653+00:00] geolibre.ERROR: Error updating dataset: An exception occurred while executing a query: SQLSTATE[22P02]: Invalid text representation: 7 ERROR:  invalid input syntax for type boolean: "" CONTEXT:  unnamed portal parameter $4 = '' [] []
[2025-05-24T20:39:42.421881+00:00] geolibre.ERROR: Error updating dataset: An exception occurred while executing a query: SQLSTATE[22P02]: Invalid text representation: 7 ERROR:  invalid input syntax for type boolean: "" CONTEXT:  unnamed portal parameter $4 = '' [] []
[2025-05-24T20:40:15.362918+00:00] geolibre.ERROR: Error updating dataset: An exception occurred while executing a query: SQLSTATE[22P02]: Invalid text representation: 7 ERROR:  invalid input syntax for type boolean: "" CONTEXT:  unnamed portal parameter $4 = '' [] []
[2025-05-24T20:43:26.735766+00:00] geolibre.ERROR: Error updating dataset: An exception occurred while executing a query: SQLSTATE[22P02]: Invalid text representation: 7 ERROR:  invalid input syntax for type boolean: "" CONTEXT:  unnamed portal parameter $4 = '' [] []
[2025-05-24T20:43:52.153929+00:00] geolibre.ERROR: Error updating dataset: An exception occurred while executing a query: SQLSTATE[22P02]: Invalid text representation: 7 ERROR:  invalid input syntax for type boolean: "" CONTEXT:  unnamed portal parameter $4 = '' [] []
[2025-05-24T20:46:18.077039+00:00] geolibre.ERROR: Error updating dataset: An exception occurred while executing a query: SQLSTATE[22P02]: Invalid text representation: 7 ERROR:  invalid input syntax for type boolean: "" CONTEXT:  unnamed portal parameter $4 = '' [] []
[2025-05-24T20:47:11.548085+00:00] geolibre.ERROR: Error updating dataset: An exception occurred while executing a query: SQLSTATE[22P02]: Invalid text representation: 7 ERROR:  invalid input syntax for type boolean: "" CONTEXT:  unnamed portal parameter $4 = '' [] []
[2025-05-25T08:49:49.713606+00:00] geolibre.ERROR: Error fetching metadata: URL is required [] []
[2025-05-25T08:52:13.649580+00:00] geolibre.ERROR: Error fetching metadata: URL is required [] []
[2025-05-26T12:44:30.653934+00:00] geolibre.ERROR: Error fetching metadata: Error processing WMS service: Could not access WMS service [] []
[2025-05-26T12:44:41.052572+00:00] geolibre.ERROR: Error fetching metadata: Error processing WMS service: Could not access WMS service [] []
[2025-05-26T12:44:48.605065+00:00] geolibre.ERROR: Error fetching metadata: Error processing WMS service: Could not access WMS service [] []
[2025-05-26T12:45:28.743689+00:00] geolibre.ERROR: Error fetching metadata: Error processing WMS service: Could not access WMS service [] []
